Tue Sep 29 00:07:12 CDT 2015
make[1]: Entering directory '/sources/systemd-224'
make --no-print-directory check-recursive
Making check in .
  CC       src/test/test-path-util.o
  CCLD     test-path-util
make --no-print-directory  test/sys
  GEN      test/sys
make --no-print-directory check-TESTS
SKIP: test-engine
PASS: test-cgroup-mask
PASS: test-job-type
PASS: test-env-replace
PASS: test-strbuf
PASS: test-strv
SKIP: test-path
./build-aux/test-driver: line 107: 21645 Aborted                 "$@" > $log_file 2>&1
FAIL: test-path-util
PASS: test-strxcpyx
PASS: test-unit-name
PASS: test-unit-file
PASS: test-utf8
PASS: test-ellipsize
PASS: test-util
PASS: test-process-util
PASS: test-terminal-util
PASS: test-path-lookup
PASS: test-ring
SKIP: test-barrier
PASS: test-pty
PASS: test-tmpfiles
PASS: test-namespace
PASS: test-date
PASS: test-sleep
PASS: test-replace-var
SKIP: test-sched-prio
PASS: test-calendarspec
PASS: test-strip-tab-ansi
PASS: test-cgroup-util
PASS: test-fstab-util
PASS: test-prioq
PASS: test-fileio
PASS: test-time
PASS: test-hashmap
PASS: test-set
PASS: test-bitmap
PASS: test-list
PASS: test-unaligned
PASS: test-tables
PASS: test-device-nodes
PASS: test-xml
PASS: test-json
PASS: test-architecture
PASS: test-socket-util
PASS: test-fdset
PASS: test-conf-files
PASS: test-conf-parser
PASS: test-capability
PASS: test-async
PASS: test-ratelimit
PASS: test-condition
PASS: test-uid-range
PASS: test-bus-policy
PASS: test-locale-util
SKIP: test-execute
PASS: test-cap-list
./build-aux/test-driver: line 107: 23079 Aborted                 "$@" > $log_file 2>&1
FAIL: test-sigbus
PASS: test-verbs
PASS: test-dns-domain
SKIP: test-bus-marshal
PASS: test-bus-signature
SKIP: test-bus-benchmark
SKIP: test-bus-chat
SKIP: test-bus-cleanup
PASS: test-bus-server
SKIP: test-bus-match
SKIP: test-bus-proxy
SKIP: test-bus-kernel
SKIP: test-bus-kernel-bloom
SKIP: test-bus-zero-copy
PASS: test-bus-introspect
PASS: test-bus-objects
PASS: test-bus-error
./build-aux/test-driver: line 107: 23190 Aborted                 "$@" > $log_file 2>&1
FAIL: test-bus-creds
SKIP: test-bus-gvariant
PASS: test-event
PASS: test-netlink
PASS: test-local-addresses
PASS: test-resolve
PASS: test-dhcp-option
PASS: test-dhcp-client
PASS: test-dhcp-server
PASS: test-ipv4ll
PASS: test-icmp6-rs
PASS: test-dhcp6-client
PASS: test-lldp
PASS: test-id128
PASS: test-journal
PASS: test-journal-send
PASS: test-journal-syslog
PASS: test-journal-match
PASS: test-journal-stream
PASS: test-journal-init
PASS: test-journal-verify
PASS: test-journal-interleaving
PASS: test-journal-flush
PASS: test-mmap-cache
PASS: test-catalog
PASS: test-audit-type
PASS: test-compress
PASS: test-compress-benchmark
PASS: test-machine-tables
PASS: test-network
PASS: test-network-tables
PASS: test-login-tables
PASS: test-login-shared
PASS: test-libsystemd-sym
PASS: test-libudev-sym
============================================================================
Testsuite summary for systemd 224
============================================================================
# TOTAL: 109
# PASS:  91
# SKIP:  15
# XFAIL: 0
# FAIL:  3
# XPASS: 0
# ERROR: 0
============================================================================
See ./test-suite.log
Please report to http://github.com/systemd/systemd/issues
============================================================================
Makefile:17585: recipe for target 'test-suite.log' failed
make[5]: *** [test-suite.log] Error 1
Makefile:17691: recipe for target 'check-TESTS' failed
make[4]: *** [check-TESTS] Error 2
Makefile:18684: recipe for target 'check-am' failed
make[3]: *** [check-am] Error 2
Making check in po
INTLTOOL_EXTRACT="/usr/bin/intltool-extract" XGETTEXT="/usr/bin/xgettext" srcdir=. /usr/bin/intltool-update --gettext-package systemd --pot
rm -f missing notexist
srcdir=. /usr/bin/intltool-update -m
if [ -r missing -o -r notexist ]; then \
  exit 1; \
fi
Makefile:17471: recipe for target 'check-recursive' failed
make[2]: *** [check-recursive] Error 1
Makefile:18687: recipe for target 'check' failed
make[1]: *** [check] Error 2
make[1]: Leaving directory '/sources/systemd-224'
