Wed Aug 24 16:35:18 UTC 2016
make[1]: Entering directory '/sources/systemd-231'
make --no-print-directory check-recursive
Making check in .
  CC       src/test/test-path-util.o
  CCLD     test-path-util
make --no-print-directory  test/sys
rm -rf test/sys
  GEN      test/sys
touch test/sys
make --no-print-directory check-TESTS
PASS: test-daemon
PASS: test-log
PASS: test-loopback
SKIP: test-engine
PASS: test-watchdog
PASS: test-cgroup-mask
PASS: test-job-type
PASS: test-env-util
PASS: test-strbuf
PASS: test-strv
SKIP: test-path
./build-aux/test-driver: line 107: 17001 Aborted                 "$@" > $log_file 2>&1
FAIL: test-path-util
PASS: test-strxcpyx
PASS: test-siphash24
PASS: test-unit-name
PASS: test-unit-file
PASS: test-utf8
PASS: test-ellipsize
PASS: test-util
PASS: test-cpu-set-util
PASS: test-hexdecoct
PASS: test-escape
PASS: test-alloc-util
PASS: test-proc-cmdline
PASS: test-io-util
PASS: test-glob-util
PASS: test-xattr-util
PASS: test-fs-util
PASS: test-web-util
PASS: test-stat-util
PASS: test-fd-util
PASS: test-string-util
PASS: test-extract-word
PASS: test-parse-util
PASS: test-user-util
PASS: test-hostname-util
PASS: test-process-util
PASS: test-terminal-util
PASS: test-path-lookup
SKIP: test-barrier
PASS: test-tmpfiles
PASS: test-namespace
PASS: test-date
PASS: test-sleep
PASS: test-replace-var
SKIP: test-sched-prio
./build-aux/test-driver: line 107: 17859 Aborted                 "$@" > $log_file 2>&1
FAIL: test-calendarspec
PASS: test-strip-tab-ansi
PASS: test-cgroup-util
PASS: test-fstab-util
PASS: test-prioq
PASS: test-fileio
PASS: test-time
PASS: test-clock
PASS: test-hashmap
PASS: test-set
PASS: test-bitmap
PASS: test-list
PASS: test-unaligned
PASS: test-tables
PASS: test-device-nodes
PASS: test-xml
PASS: test-architecture
PASS: test-socket-util
PASS: test-fdset
PASS: test-conf-files
PASS: test-conf-parser
PASS: test-capability
PASS: test-async
PASS: test-ratelimit
PASS: test-condition
PASS: test-uid-range
PASS: test-locale-util
SKIP: test-execute
./build-aux/test-driver: line 107: 18543 Aborted                 "$@" > $log_file 2>&1
FAIL: test-copy
PASS: test-cap-list
PASS: test-sigbus
PASS: test-verbs
PASS: test-af-list
PASS: test-arphrd-list
PASS: test-dns-domain
PASS: test-install-root
PASS: test-rlimit-util
PASS: test-signal-util
PASS: test-selinux
PASS: test-sizeof
PASS: test-acl-util
SKIP: test-boot-timestamps
SKIP: test-bus-marshal
PASS: test-bus-signature
SKIP: test-bus-benchmark
SKIP: test-bus-chat
SKIP: test-bus-cleanup
PASS: test-bus-server
SKIP: test-bus-match
SKIP: test-bus-kernel
SKIP: test-bus-kernel-bloom
SKIP: test-bus-zero-copy
PASS: test-bus-introspect
PASS: test-bus-objects
PASS: test-bus-error
SKIP: test-bus-creds
SKIP: test-bus-gvariant
PASS: test-event
PASS: test-netlink
PASS: test-local-addresses
PASS: test-resolve
PASS: test-dhcp-option
PASS: test-dhcp-client
PASS: test-dhcp-server
PASS: test-ipv4ll
PASS: test-ndisc-rs
PASS: test-dhcp6-client
PASS: test-lldp
PASS: test-libudev
PASS: test-id128
PASS: test-journal
PASS: test-journal-enum
PASS: test-journal-send
PASS: test-journal-syslog
PASS: test-journal-match
PASS: test-journal-stream
PASS: test-journal-init
PASS: test-journal-verify
PASS: test-journal-interleaving
PASS: test-journal-flush
PASS: test-mmap-cache
PASS: test-catalog
PASS: test-audit-type
PASS: test-compress
PASS: test-compress-benchmark
PASS: test-keymap-util
PASS: test-machine-tables
PASS: test-dns-packet
PASS: test-resolve-tables
PASS: test-dnssec
PASS: test-networkd-conf
PASS: test-network
PASS: test-network-tables
PASS: test-login-tables
PASS: test-login-shared
PASS: test-libsystemd-sym
PASS: test-libudev-sym
FAIL: test/udev-test.pl
============================================================================
Testsuite summary for systemd 231
============================================================================
# TOTAL: 144
# PASS:  124
# SKIP:  16
# XFAIL: 0
# FAIL:  4
# XPASS: 0
# ERROR: 0
============================================================================
See ./test-suite.log
Please report to http://github.com/systemd/systemd/issues
============================================================================
make[5]: *** [Makefile:21816: test-suite.log] Error 1
make[4]: *** [Makefile:21924: check-TESTS] Error 2
make[3]: *** [Makefile:23167: check-am] Error 2
Making check in po
INTLTOOL_EXTRACT="/usr/bin/intltool-extract" XGETTEXT="/usr/bin/xgettext" srcdir=. /usr/bin/intltool-update --gettext-package systemd --pot
rm -f missing notexist
srcdir=. /usr/bin/intltool-update -m
if [ -r missing -o -r notexist ]; then \
  exit 1; \
fi
make[2]: *** [Makefile:21701: check-recursive] Error 1
make[1]: *** [Makefile:23169: check] Error 2
make[1]: Leaving directory '/sources/systemd-231'
