806-glibc-2.32:FAIL: io/tst-lchmod
806-glibc-2.32:FAIL: misc/tst-ttyname

850-coreutils-8.32:FAIL: test-getlogin

833-libtool-2.4.6:123: compiling softlinked libltdl                    FAILED (standalone.at:35)
833-libtool-2.4.6:124: compiling copied libltdl                        FAILED (standalone.at:50)
833-libtool-2.4.6:125: installable libltdl                             FAILED (standalone.at:67)
833-libtool-2.4.6:126: linking libltdl without autotools               FAILED (standalone.at:85)
833-libtool-2.4.6:130: linking libltdl without autotools               FAILED (subproject.at:115)

802-tcl-8.6.10:==== clock-34.6 clock scan tests FAILED
802-tcl-8.6.10:==== clock-34.6 FAILED
802-tcl-8.6.10:==== clock-34.12 clock scan, relative times FAILED
802-tcl-8.6.10:==== clock-34.12 FAILED
802-tcl-8.6.10:==== clock-34.13 clock scan, ISO 8601 base date format FAILED
802-tcl-8.6.10:==== clock-34.13 FAILED
802-tcl-8.6.10:==== clock-34.14 clock scan, ISO 8601 expanded date format FAILED
802-tcl-8.6.10:==== clock-34.14 FAILED
802-tcl-8.6.10:==== clock-34.15 clock scan, DD-Mon-YYYY format FAILED
802-tcl-8.6.10:==== clock-34.15 FAILED
802-tcl-8.6.10:==== clock-34.16 clock scan, ISO 8601 point in time format FAILED
802-tcl-8.6.10:==== clock-34.16 FAILED
802-tcl-8.6.10:==== clock-34.17 clock scan, ISO 8601 point in time format FAILED
802-tcl-8.6.10:==== clock-34.17 FAILED
802-tcl-8.6.10:==== clock-34.18 clock scan, ISO 8601 point in time format FAILED
802-tcl-8.6.10:==== clock-34.18 FAILED

824-gcc-10.2.0:FAIL: gcc.dg/asan/pr80166.c   -O0  (test for excess errors)
824-gcc-10.2.0:FAIL: gcc.dg/asan/pr80166.c   -O1  (test for excess errors)
824-gcc-10.2.0:FAIL: gcc.dg/asan/pr80166.c   -O2  (test for excess errors)
824-gcc-10.2.0:FAIL: gcc.dg/asan/pr80166.c   -O3 -g  (test for excess errors)
824-gcc-10.2.0:FAIL: gcc.dg/asan/pr80166.c   -Os  (test for excess errors)
824-gcc-10.2.0:FAIL: gcc.dg/asan/pr80166.c   -O2 -flto -fno-use-linker-plugin -flto-partition=none  (test for excess errors)
824-gcc-10.2.0:FAIL: gcc.dg/asan/pr80166.c   -O2 -flto -fuse-linker-plugin -fno-fat-lto-objects  (test for excess errors)
824-gcc-10.2.0:FAIL: g++.dg/asan/asan_test.C   -O2  (test for excess errors)
824-gcc-10.2.0:FAIL: g++.dg/coroutines/torture/co-ret-17-void-ret-coro.C execution test
824-gcc-10.2.0:FAIL: g++.dg/coroutines/torture/pr95519-05-gro.C execution test
824-gcc-10.2.0:FAIL: g++.dg/coroutines/torture/co-ret-17-void-ret-coro.C   -O0  execution test
824-gcc-10.2.0:FAIL: g++.dg/coroutines/torture/co-ret-17-void-ret-coro.C   -O1  execution test
824-gcc-10.2.0:FAIL: g++.dg/coroutines/torture/co-ret-17-void-ret-coro.C   -O2  execution test
824-gcc-10.2.0:FAIL: g++.dg/coroutines/torture/co-ret-17-void-ret-coro.C   -O3 -g  execution test
824-gcc-10.2.0:FAIL: g++.dg/coroutines/torture/co-ret-17-void-ret-coro.C   -Os  execution test
824-gcc-10.2.0:FAIL: g++.dg/coroutines/torture/co-ret-17-void-ret-coro.C   -O2 -flto -fno-use-linker-plugin -flto-partition=none  execution test
824-gcc-10.2.0:FAIL: g++.dg/coroutines/torture/co-ret-17-void-ret-coro.C   -O2 -flto -fuse-linker-plugin -fno-fat-lto-objects  execution test
824-gcc-10.2.0:FAIL: g++.dg/coroutines/torture/pr95519-05-gro.C   -O0  execution test
824-gcc-10.2.0:FAIL: g++.dg/coroutines/torture/pr95519-05-gro.C   -O1  execution test
824-gcc-10.2.0:FAIL: g++.dg/coroutines/torture/pr95519-05-gro.C   -O2  execution test
824-gcc-10.2.0:FAIL: g++.dg/coroutines/torture/pr95519-05-gro.C   -O3 -g  execution test
824-gcc-10.2.0:FAIL: g++.dg/coroutines/torture/pr95519-05-gro.C   -Os  execution test
824-gcc-10.2.0:FAIL: g++.dg/coroutines/torture/pr95519-05-gro.C   -O2 -flto -fno-use-linker-plugin -flto-partition=none  execution test
824-gcc-10.2.0:FAIL: g++.dg/coroutines/torture/pr95519-05-gro.C   -O2 -flto -fuse-linker-plugin -fno-fat-lto-objects  execution test
824-gcc-10.2.0:# FAIL:  0
824-gcc-10.2.0:FAIL: 22_locale/time_get/get_time/char/2.cc execution test
824-gcc-10.2.0:FAIL: 22_locale/time_get/get_time/char/wrapped_env.cc execution test
824-gcc-10.2.0:FAIL: 22_locale/time_get/get_time/char/wrapped_locale.cc execution test
824-gcc-10.2.0:FAIL: 22_locale/time_get/get_time/wchar_t/2.cc execution test
824-gcc-10.2.0:FAIL: 22_locale/time_get/get_time/wchar_t/wrapped_env.cc execution test
824-gcc-10.2.0:FAIL: 22_locale/time_get/get_time/wchar_t/wrapped_locale.cc execution test
824-gcc-10.2.0:FAIL: g++.dg/asan/asan_test.C   -O2  (test for excess errors)
824-gcc-10.2.0:FAIL: g++.dg/coroutines/torture/co-ret-17-void-ret-coro.C execution test
824-gcc-10.2.0:FAIL: g++.dg/coroutines/torture/pr95519-05-gro.C execution test
824-gcc-10.2.0:FAIL: g++.dg/coroutines/torture/co-ret-17-void-ret-coro.C   -O0  execution test
824-gcc-10.2.0:FAIL: g++.dg/coroutines/torture/co-ret-17-void-ret-coro.C   -O1  execution test
824-gcc-10.2.0:FAIL: g++.dg/coroutines/torture/co-ret-17-void-ret-coro.C   -O2  execution test
824-gcc-10.2.0:FAIL: g++.dg/coroutines/torture/co-ret-17-void-ret-coro.C   -O3 -g  execution test
824-gcc-10.2.0:FAIL: g++.dg/coroutines/torture/co-ret-17-void-ret-coro.C   -Os  execution test
824-gcc-10.2.0:FAIL: g++.dg/coroutines/torture/co-ret-17-void-ret-coro.C   -O2 -flto -fno-use-linker-plugin -flto-partition=none  execution test
824-gcc-10.2.0:FAIL: g++.dg/coroutines/torture/co-ret-17-void-ret-coro.C   -O2 -flto -fuse-linker-plugin -fno-fat-lto-objects  execution test
824-gcc-10.2.0:FAIL: g++.dg/coroutines/torture/pr95519-05-gro.C   -O0  execution test
824-gcc-10.2.0:FAIL: g++.dg/coroutines/torture/pr95519-05-gro.C   -O1  execution test
824-gcc-10.2.0:FAIL: g++.dg/coroutines/torture/pr95519-05-gro.C   -O2  execution test
824-gcc-10.2.0:FAIL: g++.dg/coroutines/torture/pr95519-05-gro.C   -O3 -g  execution test
824-gcc-10.2.0:FAIL: g++.dg/coroutines/torture/pr95519-05-gro.C   -Os  execution test
824-gcc-10.2.0:FAIL: g++.dg/coroutines/torture/pr95519-05-gro.C   -O2 -flto -fno-use-linker-plugin -flto-partition=none  execution test
824-gcc-10.2.0:FAIL: g++.dg/coroutines/torture/pr95519-05-gro.C   -O2 -flto -fuse-linker-plugin -fno-fat-lto-objects  execution test
824-gcc-10.2.0:FAIL: gcc.dg/asan/pr80166.c   -O0  (test for excess errors)
824-gcc-10.2.0:FAIL: gcc.dg/asan/pr80166.c   -O1  (test for excess errors)
824-gcc-10.2.0:FAIL: gcc.dg/asan/pr80166.c   -O2  (test for excess errors)
824-gcc-10.2.0:FAIL: gcc.dg/asan/pr80166.c   -O3 -g  (test for excess errors)
824-gcc-10.2.0:FAIL: gcc.dg/asan/pr80166.c   -Os  (test for excess errors)
824-gcc-10.2.0:FAIL: gcc.dg/asan/pr80166.c   -O2 -flto -fno-use-linker-plugin -flto-partition=none  (test for excess errors)
824-gcc-10.2.0:FAIL: gcc.dg/asan/pr80166.c   -O2 -flto -fuse-linker-plugin -fno-fat-lto-objects  (test for excess errors)
824-gcc-10.2.0:FAIL: 22_locale/time_get/get_time/char/2.cc execution test
824-gcc-10.2.0:FAIL: 22_locale/time_get/get_time/char/wrapped_env.cc execution test
824-gcc-10.2.0:FAIL: 22_locale/time_get/get_time/char/wrapped_locale.cc execution test
824-gcc-10.2.0:FAIL: 22_locale/time_get/get_time/wchar_t/2.cc execution test
824-gcc-10.2.0:FAIL: 22_locale/time_get/get_time/wchar_t/wrapped_env.cc execution test
824-gcc-10.2.0:FAIL: 22_locale/time_get/get_time/wchar_t/wrapped_locale.cc execution test

865-tar-1.32:223: capabilities: binary store/restore              FAILED (capabs_raw01.at:28)

842-automake-1.16.2:FAIL: t/subobj.sh

841-autoconf-2.69: 77: LINENO                                          FAILED (m4sh.at:268)
841-autoconf-2.69:119: AT_FAIL_IF without AT_SETUP                     ok
841-autoconf-2.69:135: AT_FAIL_IF                                      ok
841-autoconf-2.69:232: AC_CONFIG_COMMANDS with empty commands          FAILED (torture.at:26)
841-autoconf-2.69:233: AC_CONFIG_COMMANDS with temporary directory     FAILED (torture.at:35)
841-autoconf-2.69:270: AC_TRY_LINK_FUNC                                FAILED (compile.at:390)
841-autoconf-2.69:272: AC_NO_EXECUTABLES                               FAILED (aclang.at:13)
841-autoconf-2.69:273: AC_REQUIRE_CPP                                  FAILED (aclang.at:14)
841-autoconf-2.69:274: Extensions                                      FAILED (c.at:33)
841-autoconf-2.69:276: C keywords                                      FAILED (c.at:75)
841-autoconf-2.69:277: AC_PROG_CPP requires AC_PROG_CC                 FAILED (c.at:93)
841-autoconf-2.69:281: AC_NO_EXECUTABLES (working linker)              FAILED (c.at:221)
841-autoconf-2.69:282: AC_NO_EXECUTABLES (broken linker)               FAILED (c.at:231)
841-autoconf-2.69:287: AC_C_BACKSLASH_A                                FAILED (acc.at:13)
841-autoconf-2.69:288: AC_C_BIGENDIAN                                  FAILED (acc.at:14)
841-autoconf-2.69:289: AC_C_CHAR_UNSIGNED                              FAILED (acc.at:15)
841-autoconf-2.69:290: AC_C_FLEXIBLE_ARRAY_MEMBER                      FAILED (acc.at:16)
841-autoconf-2.69:291: AC_C_INLINE                                     FAILED (acc.at:17)
841-autoconf-2.69:292: AC_C_PROTOTYPES                                 FAILED (acc.at:18)
841-autoconf-2.69:293: AC_C_RESTRICT                                   FAILED (acc.at:19)
841-autoconf-2.69:294: AC_C_STRINGIZE                                  FAILED (acc.at:20)
841-autoconf-2.69:295: AC_C_TYPEOF                                     FAILED (acc.at:21)
841-autoconf-2.69:296: AC_C_VARARRAYS                                  FAILED (acc.at:22)
841-autoconf-2.69:297: AC_OPENMP                                       FAILED (acc.at:23)
841-autoconf-2.69:298: AC_PROG_CC_C89                                  FAILED (acc.at:24)
841-autoconf-2.69:299: AC_PROG_CC_C99                                  FAILED (acc.at:25)
841-autoconf-2.69:300: AC_PROG_CC_C_O                                  FAILED (acc.at:26)
841-autoconf-2.69:301: AC_PROG_CC_STDC                                 FAILED (acc.at:27)
841-autoconf-2.69:302: AC_PROG_CPP_WERROR                              FAILED (acc.at:28)
841-autoconf-2.69:303: AC_PROG_GCC_TRADITIONAL                         FAILED (acc.at:29)
841-autoconf-2.69:348: AC_ERLANG_SUBST_INSTALL_LIB_DIR                 FAILED (erlang.at:106)
841-autoconf-2.69:349: AC_ERLANG_SUBST_INSTALL_LIB_SUBDIR              FAILED (erlang.at:114)
841-autoconf-2.69:353: AC_CHECK_LIB                                    FAILED (semantics.at:33)
841-autoconf-2.69:354: AC_SEARCH_LIBS                                  FAILED (semantics.at:77)
841-autoconf-2.69:355: AC_SEARCH_LIBS (none needed)                    FAILED (semantics.at:90)
841-autoconf-2.69:356: AC_CHECK_DECLS                                  FAILED (semantics.at:105)
841-autoconf-2.69:357: AC_CHECK_FUNCS                                  FAILED (semantics.at:159)
841-autoconf-2.69:358: AC_REPLACE_FUNCS                                FAILED (semantics.at:193)
841-autoconf-2.69:362: AC_CHECK_MEMBER                                 FAILED (semantics.at:302)
841-autoconf-2.69:363: AC_CHECK_MEMBERS                                FAILED (semantics.at:328)
841-autoconf-2.69:364: AC_CHECK_ALIGNOF                                FAILED (semantics.at:343)
841-autoconf-2.69:365: AC_CHECK_ALIGNOF (cross compile)                FAILED (semantics.at:343)
841-autoconf-2.69:366: AC_CHECK_ALIGNOF struct                         FAILED (semantics.at:360)
841-autoconf-2.69:367: AC_CHECK_ALIGNOF struct (cross compile)         FAILED (semantics.at:360)
841-autoconf-2.69:368: AC_CHECK_SIZEOF                                 FAILED (semantics.at:372)
841-autoconf-2.69:369: AC_CHECK_SIZEOF (cross compile)                 FAILED (semantics.at:372)
841-autoconf-2.69:370: AC_CHECK_SIZEOF struct                          FAILED (semantics.at:388)
841-autoconf-2.69:371: AC_CHECK_SIZEOF struct (cross compile)          FAILED (semantics.at:388)
841-autoconf-2.69:372: AC_CHECK_TYPES                                  FAILED (semantics.at:413)
841-autoconf-2.69:374: AC_CHECK_FILES                                  FAILED (semantics.at:463)
841-autoconf-2.69:380: AC_SYS_RESTARTABLE_SYSCALLS                     FAILED (semantics.at:744)
841-autoconf-2.69:381: AC_FUNC_SETVBUF_REVERSED                        FAILED (semantics.at:745)
841-autoconf-2.69:382: AC_FUNC_WAIT3                                   FAILED (semantics.at:746)
841-autoconf-2.69:383: AC_ARG_ENABLE                                   FAILED (acgeneral.at:13)
841-autoconf-2.69:384: AC_ARG_PROGRAM                                  FAILED (acgeneral.at:14)
841-autoconf-2.69:385: AC_ARG_WITH                                     FAILED (acgeneral.at:15)
841-autoconf-2.69:386: AC_CHECK_DECLS_ONCE                             FAILED (acgeneral.at:16)
841-autoconf-2.69:387: AC_EGREP_CPP                                    FAILED (acgeneral.at:17)
841-autoconf-2.69:388: AC_EGREP_HEADER                                 FAILED (acgeneral.at:18)
841-autoconf-2.69:389: AC_LIBOBJ                                       FAILED (acgeneral.at:19)
841-autoconf-2.69:390: AC_LIBSOURCES                                   FAILED (acgeneral.at:20)
841-autoconf-2.69:391: AC_PREFIX_DEFAULT                               FAILED (acgeneral.at:21)
841-autoconf-2.69:404: AC_SYS_INTERPRETER                              FAILED (acspecific.at:13)
841-autoconf-2.69:405: AC_SYS_LARGEFILE                                FAILED (acspecific.at:14)
841-autoconf-2.69:406: AC_SYS_LONG_FILE_NAMES                          FAILED (acspecific.at:15)
841-autoconf-2.69:407: AC_SYS_POSIX_TERMIOS                            FAILED (acspecific.at:16)
841-autoconf-2.69:418: AC_PROG_AWK                                     FAILED (acprograms.at:13)
841-autoconf-2.69:419: AC_PROG_FGREP                                   FAILED (acprograms.at:14)
841-autoconf-2.69:420: AC_PROG_INSTALL                                 FAILED (acprograms.at:15)
841-autoconf-2.69:421: AC_PROG_LEX                                     FAILED (acprograms.at:16)
841-autoconf-2.69:422: AC_PROG_LN_S                                    FAILED (acprograms.at:17)
841-autoconf-2.69:423: AC_PROG_MAKE_SET                                FAILED (acprograms.at:18)
841-autoconf-2.69:424: AC_PROG_MKDIR_P                                 FAILED (acprograms.at:19)
841-autoconf-2.69:425: AC_PROG_RANLIB                                  FAILED (acprograms.at:20)
841-autoconf-2.69:426: AC_PROG_SED                                     FAILED (acprograms.at:21)
841-autoconf-2.69:427: AC_PROG_YACC                                    FAILED (acprograms.at:22)
841-autoconf-2.69:431: AC_CHECK_HEADERS_ONCE                           FAILED (acheaders.at:13)
841-autoconf-2.69:432: AC_CHECK_HEADER_STDBOOL                         FAILED (acheaders.at:14)
841-autoconf-2.69:433: AC_HEADER_ASSERT                                FAILED (acheaders.at:15)
841-autoconf-2.69:434: AC_HEADER_MAJOR                                 FAILED (acheaders.at:16)
841-autoconf-2.69:435: AC_HEADER_RESOLV                                FAILED (acheaders.at:17)
841-autoconf-2.69:436: AC_HEADER_STAT                                  FAILED (acheaders.at:18)
841-autoconf-2.69:437: AC_HEADER_STDBOOL                               FAILED (acheaders.at:19)
841-autoconf-2.69:438: AC_HEADER_TIOCGWINSZ                            FAILED (acheaders.at:20)
841-autoconf-2.69:443: AC_STRUCT_DIRENT_D_INO                          FAILED (actypes.at:13)
841-autoconf-2.69:444: AC_STRUCT_DIRENT_D_TYPE                         FAILED (actypes.at:14)
841-autoconf-2.69:445: AC_STRUCT_ST_BLOCKS                             FAILED (actypes.at:15)
841-autoconf-2.69:446: AC_STRUCT_TIMEZONE                              FAILED (actypes.at:16)
841-autoconf-2.69:447: AC_TYPE_INT16_T                                 FAILED (actypes.at:17)
841-autoconf-2.69:448: AC_TYPE_INT32_T                                 FAILED (actypes.at:18)
841-autoconf-2.69:449: AC_TYPE_INT64_T                                 FAILED (actypes.at:19)
841-autoconf-2.69:450: AC_TYPE_INT8_T                                  FAILED (actypes.at:20)
841-autoconf-2.69:451: AC_TYPE_INTMAX_T                                FAILED (actypes.at:21)
841-autoconf-2.69:452: AC_TYPE_INTPTR_T                                FAILED (actypes.at:22)
841-autoconf-2.69:453: AC_TYPE_LONG_DOUBLE                             FAILED (actypes.at:23)
841-autoconf-2.69:454: AC_TYPE_LONG_DOUBLE_WIDER                       FAILED (actypes.at:24)
841-autoconf-2.69:455: AC_TYPE_MODE_T                                  FAILED (actypes.at:25)
841-autoconf-2.69:456: AC_TYPE_OFF_T                                   FAILED (actypes.at:26)
841-autoconf-2.69:457: AC_TYPE_SSIZE_T                                 FAILED (actypes.at:27)
841-autoconf-2.69:458: AC_TYPE_UINT16_T                                FAILED (actypes.at:28)
841-autoconf-2.69:459: AC_TYPE_UINT32_T                                FAILED (actypes.at:29)
841-autoconf-2.69:460: AC_TYPE_UINT64_T                                FAILED (actypes.at:30)
841-autoconf-2.69:461: AC_TYPE_UINT8_T                                 FAILED (actypes.at:31)
841-autoconf-2.69:462: AC_TYPE_UINTMAX_T                               FAILED (actypes.at:32)
841-autoconf-2.69:463: AC_TYPE_UINTPTR_T                               FAILED (actypes.at:33)
841-autoconf-2.69:471: AC_CHECK_FUNCS_ONCE                             FAILED (acfunctions.at:13)
841-autoconf-2.69:472: AC_FUNC_CHOWN                                   FAILED (acfunctions.at:14)
841-autoconf-2.69:473: AC_FUNC_CLOSEDIR_VOID                           FAILED (acfunctions.at:15)
841-autoconf-2.69:474: AC_FUNC_ERROR_AT_LINE                           FAILED (acfunctions.at:16)
841-autoconf-2.69:475: AC_FUNC_FNMATCH                                 FAILED (acfunctions.at:17)
841-autoconf-2.69:476: AC_FUNC_FORK                                    FAILED (acfunctions.at:18)
841-autoconf-2.69:477: AC_FUNC_FSEEKO                                  FAILED (acfunctions.at:19)
841-autoconf-2.69:478: AC_FUNC_GETGROUPS                               FAILED (acfunctions.at:20)
841-autoconf-2.69:479: AC_FUNC_GETMNTENT                               FAILED (acfunctions.at:21)
841-autoconf-2.69:480: AC_FUNC_GETPGRP                                 FAILED (acfunctions.at:22)
841-autoconf-2.69:481: AC_FUNC_LSTAT                                   FAILED (acfunctions.at:23)
841-autoconf-2.69:482: AC_FUNC_MALLOC                                  FAILED (acfunctions.at:24)
841-autoconf-2.69:483: AC_FUNC_MBRTOWC                                 FAILED (acfunctions.at:25)
841-autoconf-2.69:484: AC_FUNC_MEMCMP                                  FAILED (acfunctions.at:26)
841-autoconf-2.69:485: AC_FUNC_MKTIME                                  FAILED (acfunctions.at:27)
841-autoconf-2.69:486: AC_FUNC_MMAP                                    FAILED (acfunctions.at:28)
841-autoconf-2.69:487: AC_FUNC_OBSTACK                                 FAILED (acfunctions.at:29)
841-autoconf-2.69:488: AC_FUNC_REALLOC                                 FAILED (acfunctions.at:30)
841-autoconf-2.69:489: AC_FUNC_SELECT_ARGTYPES                         FAILED (acfunctions.at:31)
841-autoconf-2.69:490: AC_FUNC_SETPGRP                                 FAILED (acfunctions.at:32)
841-autoconf-2.69:491: AC_FUNC_STAT                                    FAILED (acfunctions.at:33)
841-autoconf-2.69:492: AC_FUNC_STRCOLL                                 FAILED (acfunctions.at:34)
841-autoconf-2.69:493: AC_FUNC_STRERROR_R                              FAILED (acfunctions.at:35)
841-autoconf-2.69:494: AC_FUNC_STRFTIME                                FAILED (acfunctions.at:36)
841-autoconf-2.69:495: AC_FUNC_STRNLEN                                 FAILED (acfunctions.at:37)
841-autoconf-2.69:496: AC_FUNC_STRTOD                                  FAILED (acfunctions.at:38)
841-autoconf-2.69:497: AC_FUNC_STRTOLD                                 FAILED (acfunctions.at:39)
841-autoconf-2.69:498: AC_FUNC_UTIME_NULL                              FAILED (acfunctions.at:40)
841-autoconf-2.69:499: AC_FUNC_VPRINTF                                 FAILED (acfunctions.at:41)
841-autoconf-2.69:501: Libtool                                         FAILED (foreign.at:61)

