
Thu Aug 24 21:33:58 EEST 2006

Making check in doc
make[1]: Entering directory `/mnt/build_dir/sources/dejagnu-1.4.4/doc'
make[1]: Nothing to be done for `check'.
make[1]: Leaving directory `/mnt/build_dir/sources/dejagnu-1.4.4/doc'
make[1]: Entering directory `/mnt/build_dir/sources/dejagnu-1.4.4'
make  check-DEJAGNU
make[2]: Entering directory `/mnt/build_dir/sources/dejagnu-1.4.4'
cd testsuite ; make check
make[3]: Entering directory `/mnt/build_dir/sources/dejagnu-1.4.4/testsuite'
Making check in libdejagnu
make[4]: Entering directory `/mnt/build_dir/sources/dejagnu-1.4.4/testsuite/libdejagnu'
if g++ -DPACKAGE_NAME=\"\" -DPACKAGE_TARNAME=\"\" -DPACKAGE_VERSION=\"\" -DPACKAGE_STRING=\"\" -DPACKAGE_BUGREPORT=\"\" -DPACKAGE=\"dejagnu\" -DVERSION=\"1.4.4\"  -I. -I.    -I../.. -g -g -O2 -MT unit.o -MD -MP -MF ".deps/unit.Tpo" \
	  -c -o unit.o `test -f 'unit.cc' || echo './'`unit.cc; \
	then mv -f ".deps/unit.Tpo" ".deps/unit.Po"; \
	else rm -f ".deps/unit.Tpo"; exit 1; \
	fi
/tmp/ccTjw7Vc.s: Assembler messages:
/tmp/ccTjw7Vc.s:3105: Error: unknown pseudo-op: `.weakref'
/tmp/ccTjw7Vc.s:3106: Error: unknown pseudo-op: `.weakref'
/tmp/ccTjw7Vc.s:3107: Error: unknown pseudo-op: `.weakref'
/tmp/ccTjw7Vc.s:3108: Error: unknown pseudo-op: `.weakref'
/tmp/ccTjw7Vc.s:3109: Error: unknown pseudo-op: `.weakref'
/tmp/ccTjw7Vc.s:3110: Error: unknown pseudo-op: `.weakref'
/tmp/ccTjw7Vc.s:3111: Error: unknown pseudo-op: `.weakref'
/tmp/ccTjw7Vc.s:3112: Error: unknown pseudo-op: `.weakref'
/tmp/ccTjw7Vc.s:3113: Error: unknown pseudo-op: `.weakref'
/tmp/ccTjw7Vc.s:3114: Error: unknown pseudo-op: `.weakref'
/tmp/ccTjw7Vc.s:3115: Error: unknown pseudo-op: `.weakref'
/tmp/ccTjw7Vc.s:3116: Error: unknown pseudo-op: `.weakref'
/tmp/ccTjw7Vc.s:3117: Error: unknown pseudo-op: `.weakref'
/tmp/ccTjw7Vc.s:3118: Error: unknown pseudo-op: `.weakref'
make[4]: *** [unit.o] Error 1
make[4]: Target `check' not remade because of errors.
make[4]: Leaving directory `/mnt/build_dir/sources/dejagnu-1.4.4/testsuite/libdejagnu'
make[4]: Entering directory `/mnt/build_dir/sources/dejagnu-1.4.4/testsuite'
Nothing to be done for all
make  check-DEJAGNU
make[5]: Entering directory `/mnt/build_dir/sources/dejagnu-1.4.4/testsuite'
Making a new site.exp file...
srcdir=`CDPATH="${ZSH_VERSION+.}:" && cd . && pwd`; export srcdir; \
	EXPECT=expect; export EXPECT; \
	runtest=` if [ -f ../runtest ] ; then echo ../runtest; else echo "ERROR: runtest not found" ; exit 1; fi`; \
	if /bin/sh -c "$runtest --version" > /dev/null 2>&1; then \
	  l='dejagnu'; for tool in $l; do \
	    $runtest  --srcdir $srcdir ; \
	  done; \
	else echo "WARNING: could not find \`runtest'" 1>&2; :;\
	fi
WARNING: Couldn't find the global config file.
WARNING: No tool specified
Test Run By lfs on Thu Aug 24 18:34:06 2006
Native configuration is i686-pc-linux-gnu

		===  tests ===

Schedule of variations:
    unix

Running target unix
Using /mnt/build_dir/sources/dejagnu-1.4.4/testsuite/../config/base-config.exp as tool-and-target-specific interface file.
Using /mnt/build_dir/sources/dejagnu-1.4.4/testsuite/config/default.exp as tool-and-target-specific interface file.
Running /mnt/build_dir/sources/dejagnu-1.4.4/testsuite/libdejagnu/tunit.exp ...
ERROR: tcl error sourcing /mnt/build_dir/sources/dejagnu-1.4.4/testsuite/libdejagnu/tunit.exp.
ERROR: can't read "text": no such variable
    while executing
"list $text $data"
    (procedure "exe_size" line 34)
    invoked from within
"exe_size "unit""
    invoked from within
"set sizes [exe_size "unit"]"
    (file "/mnt/build_dir/sources/dejagnu-1.4.4/testsuite/libdejagnu/tunit.exp" line 30)
    invoked from within
"source /mnt/build_dir/sources/dejagnu-1.4.4/testsuite/libdejagnu/tunit.exp"
    ("uplevel" body line 1)
    invoked from within
"uplevel #0 source /mnt/build_dir/sources/dejagnu-1.4.4/testsuite/libdejagnu/tunit.exp"
    invoked from within
"catch "uplevel #0 source $test_file_name""
Running /mnt/build_dir/sources/dejagnu-1.4.4/testsuite/runtest.all/libs.exp ...
Running /mnt/build_dir/sources/dejagnu-1.4.4/testsuite/runtest.all/options.exp ...
ERROR: Couldn't find library file util-defs.exp.
make[5]: *** [check-DEJAGNU] Error 1
make[5]: Leaving directory `/mnt/build_dir/sources/dejagnu-1.4.4/testsuite'
make[4]: *** [check-am] Error 2
make[4]: Leaving directory `/mnt/build_dir/sources/dejagnu-1.4.4/testsuite'
make[3]: *** [check-recursive] Error 1
make[3]: Target `check' not remade because of errors.
make[3]: Leaving directory `/mnt/build_dir/sources/dejagnu-1.4.4/testsuite'
make[2]: *** [check-DEJAGNU] Error 2
make[2]: Leaving directory `/mnt/build_dir/sources/dejagnu-1.4.4'
make[1]: *** [check-am] Error 2
make[1]: Leaving directory `/mnt/build_dir/sources/dejagnu-1.4.4'
make: *** [check-recursive] Error 1
make: Target `check' not remade because of errors.
