114-libelf-0.178:FAIL: run-elfclassify.sh

128-gzip-1.10:FAIL: help-version
128-gzip-1.10:FAIL: zmore

120-coreutils-8.31:FAIL: tests/misc/tty.sh
120-coreutils-8.31:FAIL: test-getlogin

124-findutils-4.7.0:FAIL: sv-bug-54171.old-O3, 
124-findutils-4.7.0:FAIL: sv-bug-54171.new-O3, 

116-openssl-1.1.1d:Result: FAIL

102-libtool-2.4.6:123: compiling softlinked libltdl                    FAILED (standalone.at:35)
102-libtool-2.4.6:124: compiling copied libltdl                        FAILED (standalone.at:50)
102-libtool-2.4.6:125: installable libltdl                             FAILED (standalone.at:67)
102-libtool-2.4.6:126: linking libltdl without autotools               FAILED (standalone.at:85)
102-libtool-2.4.6:130: linking libltdl without autotools               FAILED (subproject.at:115)

115-libffi-3.3:FAIL: libffi.bhaible/test-callback.c -W -Wall -Wno-psabi -DDGTEST=54 -Wno-unused-variable -Wno-unused-parameter -Wno-unused-but-set-variable -Wno-uninitialized -O0 -DABI_NUM=FFI_GNUW64 -DABI_ATTR=__MSABI__ execution test
115-libffi-3.3:FAIL: libffi.bhaible/test-callback.c -W -Wall -Wno-psabi -DDGTEST=54 -Wno-unused-variable -Wno-unused-parameter -Wno-unused-but-set-variable -Wno-uninitialized -O2 -DABI_NUM=FFI_GNUW64 -DABI_ATTR=__MSABI__ execution test
115-libffi-3.3:FAIL: libffi.bhaible/test-callback.c -W -Wall -Wno-psabi -DDGTEST=55 -Wno-unused-variable -Wno-unused-parameter -Wno-unused-but-set-variable -Wno-uninitialized -O0 -DABI_NUM=FFI_GNUW64 -DABI_ATTR=__MSABI__ execution test
115-libffi-3.3:FAIL: libffi.bhaible/test-callback.c -W -Wall -Wno-psabi -DDGTEST=55 -Wno-unused-variable -Wno-unused-parameter -Wno-unused-but-set-variable -Wno-uninitialized -O2 -DABI_NUM=FFI_GNUW64 -DABI_ATTR=__MSABI__ execution test
115-libffi-3.3:FAIL: libffi.bhaible/test-callback.c -W -Wall -Wno-psabi -DDGTEST=56 -Wno-unused-variable -Wno-unused-parameter -Wno-unused-but-set-variable -Wno-uninitialized -O0 -DABI_NUM=FFI_GNUW64 -DABI_ATTR=__MSABI__ execution test
115-libffi-3.3:FAIL: libffi.bhaible/test-callback.c -W -Wall -Wno-psabi -DDGTEST=56 -Wno-unused-variable -Wno-unused-parameter -Wno-unused-but-set-variable -Wno-uninitialized -O2 -DABI_NUM=FFI_GNUW64 -DABI_ATTR=__MSABI__ execution test

075-glibc-2.31:FAIL: misc/tst-ttyname

091-gcc-9.2.0:FAIL: gcc.target/i386/pr57193.c scan-assembler-times movdqa 2
091-gcc-9.2.0:FAIL: gcc.target/i386/pr90178.c scan-assembler-times xorl[\\t ]*\\%eax,[\\t ]*%eax 1
091-gcc-9.2.0:FAIL: 22_locale/time_get/get_time/char/2.cc execution test
091-gcc-9.2.0:FAIL: 22_locale/time_get/get_time/char/wrapped_env.cc execution test
091-gcc-9.2.0:FAIL: 22_locale/time_get/get_time/char/wrapped_locale.cc execution test
091-gcc-9.2.0:FAIL: 22_locale/time_get/get_time/wchar_t/2.cc execution test
091-gcc-9.2.0:FAIL: 22_locale/time_get/get_time/wchar_t/wrapped_env.cc execution test
091-gcc-9.2.0:FAIL: 22_locale/time_get/get_time/wchar_t/wrapped_locale.cc execution test
091-gcc-9.2.0:FAIL: experimental/net/internet/resolver/ops/lookup.cc execution test
091-gcc-9.2.0:FAIL: experimental/net/internet/resolver/ops/reverse.cc execution test
091-gcc-9.2.0:FAIL: gcc.target/i386/pr57193.c scan-assembler-times movdqa 2
091-gcc-9.2.0:FAIL: gcc.target/i386/pr90178.c scan-assembler-times xorl[\\\\t ]*\\\\%eax,[\\\\t ]*%eax 1
091-gcc-9.2.0:FAIL: 22_locale/time_get/get_time/char/2.cc execution test
091-gcc-9.2.0:FAIL: 22_locale/time_get/get_time/char/wrapped_env.cc execution test
091-gcc-9.2.0:FAIL: 22_locale/time_get/get_time/char/wrapped_locale.cc execution test
091-gcc-9.2.0:FAIL: 22_locale/time_get/get_time/wchar_t/2.cc execution test
091-gcc-9.2.0:FAIL: 22_locale/time_get/get_time/wchar_t/wrapped_env.cc execution test
091-gcc-9.2.0:FAIL: 22_locale/time_get/get_time/wchar_t/wrapped_locale.cc execution test
091-gcc-9.2.0:FAIL: experimental/net/internet/resolver/ops/lookup.cc execution test
091-gcc-9.2.0:FAIL: experimental/net/internet/resolver/ops/reverse.cc execution test

